[debug] [2019-11-19T12:55:52.184Z] ----------------------------------------------------------------------
[debug] [2019-11-19T12:55:52.188Z] Command:       /Users/dungphan/.nvm/versions/node/v13.1.0/bin/node /Users/dungphan/.nvm/versions/node/v13.1.0/bin/firebase deploy
[debug] [2019-11-19T12:55:52.188Z] CLI Version:   7.8.0
[debug] [2019-11-19T12:55:52.188Z] Platform:      darwin
[debug] [2019-11-19T12:55:52.189Z] Node Version:  v13.1.0
[debug] [2019-11-19T12:55:52.190Z] Time:          Tue Nov 19 2019 13:55:52 GMT+0100 (Central European Standard Time)
[debug] [2019-11-19T12:55:52.190Z] ----------------------------------------------------------------------
[debug] [2019-11-19T12:55:52.190Z] 
[debug] [2019-11-19T12:55:52.203Z] > command requires scopes: ["email","openid","https://www.googleapis.com/auth/cloudplatformprojects.readonly","https://www.googleapis.com/auth/firebase","https://www.googleapis.com/auth/cloud-platform"]
[debug] [2019-11-19T12:55:52.204Z] > authorizing via signed-in user
[debug] [2019-11-19T12:55:52.204Z] [iam] checking project one-time-password-53111 for permissions ["cloudfunctions.functions.create","cloudfunctions.functions.delete","cloudfunctions.functions.get","cloudfunctions.functions.list","cloudfunctions.functions.update","cloudfunctions.operations.get","firebase.projects.get"]
[debug] [2019-11-19T12:55:52.206Z] > refreshing access token with scopes: ["email","https://www.googleapis.com/auth/cloud-platform","https://www.googleapis.com/auth/cloudplatformprojects.readonly","https://www.googleapis.com/auth/firebase","openid"]
[debug] [2019-11-19T12:55:52.206Z] >>> HTTP REQUEST POST https://www.googleapis.com/oauth2/v3/token  
 <request body omitted>
[debug] [2019-11-19T12:55:52.406Z] <<< HTTP RESPONSE 200
[debug] [2019-11-19T12:55:52.421Z] >>> HTTP REQUEST POST https://cloudresourcemanager.googleapis.com/v1/projects/one-time-password-53111:testIamPermissions  

[debug] [2019-11-19T12:55:53.348Z] <<< HTTP RESPONSE 200
[info] 
[info] === Deploying to 'one-time-password-53111'...
[info] 
[info] i  deploying functions
[debug] [2019-11-19T12:55:58.405Z] > [functions] package.json contents: {
  "name": "functions",
  "description": "Cloud Functions for Firebase",
  "scripts": {
    "serve": "firebase serve --only functions",
    "shell": "firebase functions:shell",
    "start": "npm run shell",
    "deploy": "firebase deploy --only functions",
    "logs": "firebase functions:log"
  },
  "engines": {
    "node": "8"
  },
  "dependencies": {
    "firebase-admin": "^8.6.0",
    "firebase-functions": "^3.3.0",
    "twilio": "^3.0.0-rc.13"
  },
  "devDependencies": {
    "firebase-functions-test": "^0.1.6"
  },
  "private": true
}
[info] i  functions: ensuring necessary APIs are enabled...
[debug] [2019-11-19T12:55:58.407Z] >>> HTTP REQUEST GET https://serviceusage.googleapis.com/v1/projects/one-time-password-53111/services/cloudfunctions.googleapis.com  
 
[debug] [2019-11-19T12:55:58.408Z] >>> HTTP REQUEST GET https://serviceusage.googleapis.com/v1/projects/one-time-password-53111/services/runtimeconfig.googleapis.com  
 
[debug] [2019-11-19T12:55:59.821Z] <<< HTTP RESPONSE 200
[debug] [2019-11-19T12:55:59.826Z] <<< HTTP RESPONSE 200
[info] ✔  functions: all necessary APIs are enabled
[debug] [2019-11-19T12:55:59.835Z] >>> HTTP REQUEST GET https://firebase.googleapis.com/v1beta1/projects/one-time-password-53111/adminSdkConfig  
 
[debug] [2019-11-19T12:56:00.096Z] <<< HTTP RESPONSE 200
[info] i  functions: preparing functions directory for uploading...
[debug] [2019-11-19T12:56:00.100Z] >>> HTTP REQUEST GET https://runtimeconfig.googleapis.com/v1beta1/projects/one-time-password-53111/configs  
 
[debug] [2019-11-19T12:56:00.722Z] <<< HTTP RESPONSE 200
