[debug] [2019-11-19T10:54:32.109Z] ----------------------------------------------------------------------
[debug] [2019-11-19T10:54:32.113Z] Command:       /Users/dungphan/.nvm/versions/node/v13.1.0/bin/node /Users/dungphan/.nvm/versions/node/v13.1.0/bin/firebase deploy
[debug] [2019-11-19T10:54:32.113Z] CLI Version:   7.8.0
[debug] [2019-11-19T10:54:32.113Z] Platform:      darwin
[debug] [2019-11-19T10:54:32.114Z] Node Version:  v13.1.0
[debug] [2019-11-19T10:54:32.116Z] Time:          Tue Nov 19 2019 11:54:32 GMT+0100 (Central European Standard Time)
[debug] [2019-11-19T10:54:32.116Z] ----------------------------------------------------------------------
[debug] [2019-11-19T10:54:32.116Z] 
[debug] [2019-11-19T10:54:32.131Z] > command requires scopes: ["email","openid","https://www.googleapis.com/auth/cloudplatformprojects.readonly","https://www.googleapis.com/auth/firebase","https://www.googleapis.com/auth/cloud-platform"]
[debug] [2019-11-19T10:54:32.132Z] > authorizing via signed-in user
[debug] [2019-11-19T10:54:32.132Z] [iam] checking project one-time-password-53111 for permissions ["cloudfunctions.functions.create","cloudfunctions.functions.delete","cloudfunctions.functions.get","cloudfunctions.functions.list","cloudfunctions.functions.update","cloudfunctions.operations.get","firebase.projects.get"]
[debug] [2019-11-19T10:54:32.135Z] >>> HTTP REQUEST POST https://cloudresourcemanager.googleapis.com/v1/projects/one-time-password-53111:testIamPermissions  

[debug] [2019-11-19T10:54:32.997Z] <<< HTTP RESPONSE 200
[info] 
[info] === Deploying to 'one-time-password-53111'...
[info] 
[info] i  deploying functions
[debug] [2019-11-19T10:54:35.762Z] > [functions] package.json contents: {
  "name": "functions",
  "description": "Cloud Functions for Firebase",
  "scripts": {
    "serve": "firebase serve --only functions",
    "shell": "firebase functions:shell",
    "start": "npm run shell",
    "deploy": "firebase deploy --only functions",
    "logs": "firebase functions:log"
  },
  "engines": {
    "node": "8"
  },
  "dependencies": {
    "firebase-admin": "^8.6.0",
    "firebase-functions": "^3.3.0"
  },
  "devDependencies": {
    "firebase-functions-test": "^0.1.6"
  },
  "private": true
}
[info] i  functions: ensuring necessary APIs are enabled...
[debug] [2019-11-19T10:54:35.764Z] >>> HTTP REQUEST GET https://serviceusage.googleapis.com/v1/projects/one-time-password-53111/services/cloudfunctions.googleapis.com  
 
[debug] [2019-11-19T10:54:35.765Z] >>> HTTP REQUEST GET https://serviceusage.googleapis.com/v1/projects/one-time-password-53111/services/runtimeconfig.googleapis.com  
 
[debug] [2019-11-19T10:54:36.966Z] <<< HTTP RESPONSE 200
[debug] [2019-11-19T10:54:36.973Z] <<< HTTP RESPONSE 200
[info] ✔  functions: all necessary APIs are enabled
[debug] [2019-11-19T10:54:36.982Z] >>> HTTP REQUEST GET https://firebase.googleapis.com/v1beta1/projects/one-time-password-53111/adminSdkConfig  
 
[debug] [2019-11-19T10:54:37.223Z] <<< HTTP RESPONSE 200
[info] i  functions: preparing functions directory for uploading...
[debug] [2019-11-19T10:54:37.227Z] >>> HTTP REQUEST GET https://runtimeconfig.googleapis.com/v1beta1/projects/one-time-password-53111/configs  
 
[debug] [2019-11-19T10:54:38.800Z] <<< HTTP RESPONSE 200
[info] i  functions: packaged functions (24.39 KB) for uploading
[debug] [2019-11-19T10:54:39.128Z] >>> HTTP REQUEST POST https://cloudfunctions.googleapis.com/v1/projects/one-time-password-53111/locations/us-central1/functions:generateUploadUrl  
 
